INFO|21/Sep/2017 08:59:55|services|12631|140043024238336|New User "Gaafar"
INFO|21/Sep/2017 08:59:55|services|12631|140043024238336|New User "gaafarmgr"
INFO|21/Sep/2017 08:59:55|services|12631|140043024238336|New User "gaafa"
INFO|21/Sep/2017 08:59:55|services|12631|140043024238336|New User "gaafarm"
INFO|21/Sep/2017 08:59:55|services|12631|140043024238336|New User "gaafarn"
INFO|21/Sep/2017 08:59:55|services|12631|140043024238336|New User "gaafaribrahim"
INFO|21/Sep/2017 08:59:55|services|12631|140043024238336|New User "GAAFARS"
INFO|21/Sep/2017 09:00:19|services|12631|140043024238336|New User "amit"
INFO|21/Sep/2017 09:00:19|services|12631|140043024238336|New User "labnol"
INFO|21/Sep/2017 09:00:19|services|12631|140043024238336|New User "Amwam"
INFO|21/Sep/2017 09:00:19|services|12631|140043024238336|New User "amitshekhariitbhu"
INFO|21/Sep/2017 09:00:19|services|12631|140043024238336|New User "amitsnyderman"
INFO|21/Sep/2017 09:00:20|services|12631|140043024238336|New User "amit-mizrahi"
INFO|21/Sep/2017 09:00:20|services|12631|140043024238336|New User "aktech"
INFO|21/Sep/2017 09:00:20|services|12631|140043024238336|New User "Amit-Gupta26"
INFO|21/Sep/2017 09:00:20|services|12631|140043024238336|New User "amite"
INFO|21/Sep/2017 09:00:20|services|12631|140043024238336|New User "meetamit"
INFO|21/Sep/2017 09:00:20|services|12631|140043024238336|New User "amitjamadagni"
INFO|21/Sep/2017 09:00:20|services|12631|140043024238336|New User "amitt001"
INFO|21/Sep/2017 09:00:20|services|12631|140043024238336|New User "amitp"
INFO|21/Sep/2017 09:00:20|services|12631|140043024238336|New User "amitness"
INFO|21/Sep/2017 09:00:20|services|12631|140043024238336|New User "amitkaps"
INFO|21/Sep/2017 09:00:20|services|12631|140043024238336|New User "amit-bansil"
INFO|21/Sep/2017 09:00:20|services|12631|140043024238336|New User "amitu"
INFO|21/Sep/2017 09:00:20|services|12631|140043024238336|New User "icsvortex666"
INFO|21/Sep/2017 09:00:20|services|12631|140043024238336|New User "mramitpatel"
INFO|21/Sep/2017 09:00:20|services|12631|140043024238336|New User "dusual"
INFO|21/Sep/2017 09:00:20|services|12631|140043024238336|New User "amitsaha"
INFO|21/Sep/2017 09:00:20|services|12631|140043024238336|New User "amitburst"
INFO|21/Sep/2017 09:00:20|services|12631|140043024238336|New User "amitmerchant1990"
INFO|21/Sep/2017 09:00:20|services|12631|140043024238336|New User "amitittyerah"
INFO|21/Sep/2017 09:00:20|services|12631|140043024238336|New User "amitrathore"
INFO|21/Sep/2017 09:00:20|services|12631|140043024238336|New User "AmitKumarDas"
INFO|21/Sep/2017 09:00:20|services|12631|140043024238336|New User "amitverma12"
INFO|21/Sep/2017 09:00:20|services|12631|140043024238336|New User "abijlani"
INFO|21/Sep/2017 09:00:20|services|12631|140043024238336|New User "alevy"
INFO|21/Sep/2017 09:00:20|services|12631|140043024238336|New User "kapadia"
