INFO|21/Sep/2017 11:38:40|services|16701|140059297695488|New User|indu07it25
INFO|21/Sep/2017 11:38:40|services|16701|140059297695488|New User|guddukhan1987
INFO|21/Sep/2017 11:38:40|services|16701|140059297695488|New User|gudduray90
INFO|21/Sep/2017 11:38:40|services|16701|140059297695488|New User|Guddu
INFO|21/Sep/2017 11:38:40|services|16701|140059297695488|New User|Gudduraj618
INFO|21/Sep/2017 11:38:40|services|16701|140059297695488|New User|gudduarnav
INFO|21/Sep/2017 11:38:40|services|16701|140059297695488|New User|itsanmax
INFO|21/Sep/2017 11:38:40|services|16701|140059297695488|New User|Gudduru
INFO|21/Sep/2017 11:38:40|services|16701|140059297695488|New User|GudduParul
INFO|21/Sep/2017 11:38:40|services|16701|140059297695488|New User|gudduhassan
INFO|21/Sep/2017 11:38:40|services|16701|140059297695488|New User|guddu313
INFO|21/Sep/2017 11:38:40|services|16701|140059297695488|New User|guddu07
INFO|21/Sep/2017 11:38:40|services|16701|140059297695488|New User|omguddu100
INFO|21/Sep/2017 11:38:40|services|16701|140059297695488|New User|guddu745
INFO|21/Sep/2017 11:38:40|services|16701|140059297695488|New User|guddu89
INFO|21/Sep/2017 11:38:40|services|16701|140059297695488|New User|GudduAbhi
INFO|21/Sep/2017 11:38:40|services|16701|140059297695488|New User|guddu12
INFO|21/Sep/2017 11:38:40|services|16701|140059297695488|New User|guddu9251
INFO|21/Sep/2017 11:38:40|services|16701|140059297695488|New User|Guddu327
INFO|21/Sep/2017 11:38:40|services|16701|140059297695488|New User|guddu301
INFO|21/Sep/2017 11:38:40|services|16701|140059297695488|New User|rajeev10366
INFO|21/Sep/2017 11:38:40|services|16701|140059297695488|New User|abhishekbhagat96
INFO|21/Sep/2017 11:38:40|services|16701|140059297695488|New User|guddukhan-kiwitech
INFO|21/Sep/2017 11:38:40|services|16701|140059297695488|New User|aryadevlucky
INFO|21/Sep/2017 11:38:40|services|16701|140059297695488|New User|GUDDUVIN
INFO|21/Sep/2017 11:38:40|services|16701|140059297695488|New User|guddu99
INFO|21/Sep/2017 11:38:40|services|16701|140059297695488|New User|Guddu1991
INFO|21/Sep/2017 11:38:40|services|16701|140059297695488|New User|gudduhot21
INFO|21/Sep/2017 11:38:40|services|16701|140059297695488|New User|Gudduthermal
INFO|21/Sep/2017 11:38:40|services|16701|140059297695488|New User|gudduneil
